ops@iZ237wnulopZ:/alidata$ bash data_set.sh 1098 1109
=============================请选择相应菜单进行操作============================
请选择你要进行的操作:
 0) 修改odps数据表
 1) 配置数据流
 2) 添加数据同步调度
 q) exit
0
-----------------------------------------------
>>>>>>修改用户odps数据表:
CREATE TABLE IF NOT EXISTS session_stat_1098(
        sessionid string,
        session_type    bigint,
        session_time    bigint,
    req_info    string)
PARTITIONED BY (dt string);
CREATE TABLE IF NOT EXISTS user_event_new_1098(
        idvisit bigint,
        sessionid       string,
        visitor_cookie  string,
        user_id string,
        campany_id      bigint,
        idsite  bigint,
        fc      string,
        media   string,
        visitor_returning bigint,
        device_type     bigint,
        location_ip     string,
        location_longitude      double,
        location_latitude       double,
        location_city   string,
        location_country        string,
        config_device_type      string,
        config_os       string,
        config_os_version       string,
        config_device_brand     string,
        config_browser_name     string,
        config_browser_version  string,
        ua      string,
        current_url     string,
        referer_url     string,
        e_c     string,
        e_a     string,
        e_n     string,
        e_v     string,
        page_title      string,
        server_time     bigint,
        visit_first_action_time bigint,
        visit_last_action_time  bigint,
        idgoal  bigint,
        revenue bigint,
        is_returning    boolean,
        is_active_landing       boolean,
        is_landing      boolean,
        is_filter       boolean,
        plan_id bigint,
        active_id       bigint,
        page_id bigint,
        channel_id      bigint,
        channel_type    string,
        page_type       bigint,
        abtest_id       bigint,
        module_id       bigint,
        module_index    string,
        column_index    bigint,
        good_index      bigint,
        good_id string,
        is_abtest       bigint,
        hour    string)
        PARTITIONED BY (dt string);
>>>>>配置修改完成，开始创建表....

ID = 20161102020545525gnncl2i8
Log view:
http://logview.odps.aliyun.com/logview/?h=http://service.odps.aliyun.com/api&p=marketingcloud_all_new&i=20161102020545525gnncl2i8&token=SWpIQzNzaGtjWUUvZk9WQkRHZUx1WCt2K2FvPSxPRFBTX09CTzoxNTYwNjY1MjY1MTUzNDQ0LDE0Nzg2NTcxNDYseyJTdGF0ZW1lbnQiOlt7IkFjdGlvbiI6WyJvZHBzOlJlYWQiXSwiRWZmZWN0IjoiQWxsb3ciLCJSZXNvdXJjZSI6WyJhY3M6b2RwczoqOnByb2plY3RzL21hcmtldGluZ2Nsb3VkX2FsbF9uZXcvaW5zdGFuY2VzLzIwMTYxMTAyMDIwNTQ1NTI1Z25uY2wyaTgiXX1dLCJWZXJzaW9uIjoiMSJ9
OK

ID = 20161102020551275gc7np2i8
Log view:
http://logview.odps.aliyun.com/logview/?h=http://service.odps.aliyun.com/api&p=marketingcloud_all_new&i=20161102020551275gc7np2i8&token=Nm80dnZBd3Fva3ZEcFZiNEt5ODlIQkRMYXZNPSxPRFBTX09CTzoxNTYwNjY1MjY1MTUzNDQ0LDE0Nzg2NTcxNTIseyJTdGF0ZW1lbnQiOlt7IkFjdGlvbiI6WyJvZHBzOlJlYWQiXSwiRWZmZWN0IjoiQWxsb3ciLCJSZXNvdXJjZSI6WyJhY3M6b2RwczoqOnByb2plY3RzL21hcmtldGluZ2Nsb3VkX2FsbF9uZXcvaW5zdGFuY2VzLzIwMTYxMTAyMDIwNTUxMjc1Z2M3bnAyaTgiXX1dLCJWZXJzaW9uIjoiMSJ9
OK
>>>>>数据表创建成功.........
>>>>>开始恢复配置...........
CREATE TABLE IF NOT EXISTS session_stat_9999(
CREATE TABLE IF NOT EXISTS user_event_new_9999(
>>>>>>恢>复初始化配置完成
=============================请选择相应菜单进行操作============================
请选择你要进行的操作:
 0) 修改odps数据表
 1) 配置数据流
 2) 添加数据同步调度
 q) exit
1
---------------------------------------------------
>>>>>>备份配置数据流:
table_info=29,marketingcloud_all_new,2,3|44,marketingcloud_all_new,2,3|45,marketingcloud_all_new,20,1047|46,marketingcloud_all_new,2,1048|47,marketingcloud_all_new,2,1049|49,marketingcloud_all_new,2,1050|50,marketingcloud_all_new,2,1051|51,marketingcloud_all_new,2,1052|52,marketingcloud_all_new,1,1053|53,marketingcloud_all_new,1,1054|54,marketingcloud_all_new,1,1055|55,marketingcloud_all_new,2,1058|1061,marketingcloud_all_new,2,1060|1062,marketingcloud_all_new,20,1061|1065,marketingcloud_all_new,2,1062|1066,marketingcloud_all_new,2,1063|1067,marketingcloud_all_new,2,1064|1068,marketingcloud_all_new,2,1066|1070,marketingcloud_all_new,2,1067|1072,marketingcloud_all_new,2,1068|1073,marketingcloud_all_new,2,1069|1075,marketingcloud_all_new,2,1070|1078,marketingcloud_all_new,2,1071|1079,marketingcloud_all_new,2,1072|32,marketingcloud_all_new,1,1033|33,marketingcloud_all_new,6,1034|35,marketingcloud_all_new,15,1036|37,marketingcloud_all_new,7,1039|38,marketingcloud_all_new,8,1040|39,marketingcloud_all_new,9,1042|40,marketingcloud_all_new,10,1043|41,marketingcloud_all_new,11,1044|42,marketingcloud_all_new,12,1045|1082,marketingcloud_all_new,20,1073|1083,marketingcloud_all_new,2,1074|1084,marketingcloud_all_new,2,1075|1085,marketingcloud_all_new,2,1076|1086,marketingcloud_all_new,2,1077|1087,marketingcloud_all_new,2,1078|1088,marketingcloud_all_new,2,1079|1089,marketingcloud_all_new,2,1080|1090,marketingcloud_all_new,2,1073|1091,marketingcloud_all_new,2,1081|1092,marketingcloud_all_new,2,1082|1093,marketingcloud_all_new,20,1061|1094,marketingcloud_all_new,2,1083|1095,marketingcloud_all_new,2,1084|1096,marketingcloud_all_new,2,1085|1097,marketingcloud_all_new,2,1086|1098,marketingcloud_all_new,2,1087|1099,marketingcloud_all_new,2,1088|1100,marketingcloud_all_new,2,1089|1101,marketingcloud_all_new,2,1090|1102,marketingcloud_all_new,2,1091|1103,marketingcloud_all_new,2,1092|1104,marketingcloud_all_new,2,1093|1105,marketingcloud_all_new,2,1094|1106,marketingcloud_all_new,2,1095|1107,marketingcloud_all_new,2,1096|1108,marketingcloud_all_new,2,1097|1109,marketingcloud_all_new,2,1098
>>>>>>修改配置完成，重启进程
>>>>>>旧进程
ops       9839  0.2  1.6 8704264 264976 ?      Sl   Nov01   2:33 /opt/jdk1.7.0_60/bin/java -jar ./bin/WriteODPSYunAllinone.jar ./conf/WriteYun.properties ./conf/SiteDb.properties
ops      13685  0.0  0.0  11744   920 pts/5    S+   10:05   0:00 grep WriteODPSYunAllinone
data_set.sh: line 37: kill: (13689) - No such process
>>>>>>新进程
ops      13705 70.0  1.0 8705292 164592 ?      Sl   10:05   0:02 /opt/jdk1.7.0_60/bin/java -jar ./bin/WriteODPSYunAllinone.jar ./conf/WriteYun.properties ./conf/SiteDb.properties
ops      13881  0.0  0.0  11744   924 pts/5    S+   10:06   0:00 grep WriteODPSYunAllinone
>>>>>>数据流配置完成.........
=============================请选择相应菜单进行操作============================
请选择你要进行的操作:
 0) 修改odps数据表
 1) 配置数据流
 2) 添加数据同步调度
 q) exit
2
---------------------------------------------------
>>>>>>添加数据同步调度：
processUser=3,1047,1048,1049,1050,1051,1052,1053,1054,1055,1058,1060,1061,1062,1063,1064,1066,1067,1068,1069,1070,1071,1072,1033,1034,1036,1039,1040,1042,1043,1044,1045,1073,1074,1075,1076,1077,1078,1079,1080,1081,1082,1083,1084,1085,1086,1087,1088,1089,1090,1091,1092,1093,1094,1095,1096,1097,1098
processUser=3,1047,1048,1049,1050,1051,1052,1053,1054,1055,1058,1060,1061,1062,1063,1064,1066,1067,1068,1069,1070,1071,1072,1033,1034,1036,1039,1040,1042,1043,1044,1045,1073,1074,1075,1076,1077,1078,1079,1080,1081,1082,1083,1084,1085,1086,1087,1088,1089,1090,1091,1092,1093,1094,1095,1096,1097,1098
>>>>>>数据同步调度完成......
=============================请选择相应菜单进行操作============================
请选择你要进行的操作:
 0) 修改odps数据表
 1) 配置数据流
 2) 添加数据同步调度
 q) exit
q
===退出菜单.....
==================谢谢使用--Byebye=====================
##公司id:1099##修改用户odps数据表:-----------------------------------------------
CREATE TABLE IF NOT EXISTS session_stat_1099(
	sessionid string,
	session_type	bigint,
	session_time	bigint,
    req_info    string)
PARTITIONED BY (dt string);
CREATE TABLE IF NOT EXISTS user_event_new_1099(
	idvisit	bigint,
	sessionid	string,
	visitor_cookie	string,
	user_id	string,
	campany_id	bigint,
	idsite	bigint,
	fc	string,
	media	string,
	visitor_returning bigint,
	device_type	bigint,
	location_ip	string,
	location_longitude	double,
	location_latitude	double,
	location_city	string,
	location_country	string,
	config_device_type	string,
	config_os	string,
	config_os_version	string,
	config_device_brand	string,
	config_browser_name	string,
	config_browser_version	string,
	ua	string,
	current_url	string,
	referer_url	string,
	e_c	string,
	e_a	string,
	e_n	string,
	e_v	string,
	page_title	string,
	server_time	bigint,
	visit_first_action_time	bigint,
	visit_last_action_time	bigint,
	idgoal	bigint,
	revenue	bigint,
	is_returning	boolean,
	is_active_landing	boolean,
	is_landing	boolean,
	is_filter	boolean,
	plan_id	bigint,
	active_id	bigint,
	page_id	bigint,
	channel_id	bigint,
	channel_type	string,
	page_type	bigint,
	abtest_id	bigint,
	module_id       bigint,
	module_index	string,
	column_index	bigint,
	good_index	bigint,
	good_id	string,
	is_abtest	bigint,
	hour	string)
	PARTITIONED BY (dt string);
>>>>>配置修改完成，开始创建表....

ID = 20161102080528190goxhn2i8
Log view:
http://logview.odps.aliyun.com/logview/?h=http://service.odps.aliyun.com/api&p=marketingcloud_all_new&i=20161102080528190goxhn2i8&token=VzhqLzRjZGFXQkdsQ3hFM0R6QlFpQ1VlRllFPSxPRFBTX09CTzoxNTYwNjY1MjY1MTUzNDQ0LDE0Nzg2Nzg3MjkseyJTdGF0ZW1lbnQiOlt7IkFjdGlvbiI6WyJvZHBzOlJlYWQiXSwiRWZmZWN0IjoiQWxsb3ciLCJSZXNvdXJjZSI6WyJhY3M6b2RwczoqOnByb2plY3RzL21hcmtldGluZ2Nsb3VkX2FsbF9uZXcvaW5zdGFuY2VzLzIwMTYxMTAyMDgwNTI4MTkwZ294aG4yaTgiXX1dLCJWZXJzaW9uIjoiMSJ9
OK

ID = 20161102080534131gvcwwzh8
Log view:
http://logview.odps.aliyun.com/logview/?h=http://service.odps.aliyun.com/api&p=marketingcloud_all_new&i=20161102080534131gvcwwzh8&token=UTh0cFdJVnZtS1NiNjZKUy9XRGJoSnNZQU1jPSxPRFBTX09CTzoxNTYwNjY1MjY1MTUzNDQ0LDE0Nzg2Nzg3MzYseyJTdGF0ZW1lbnQiOlt7IkFjdGlvbiI6WyJvZHBzOlJlYWQiXSwiRWZmZWN0IjoiQWxsb3ciLCJSZXNvdXJjZSI6WyJhY3M6b2RwczoqOnByb2plY3RzL21hcmtldGluZ2Nsb3VkX2FsbF9uZXcvaW5zdGFuY2VzLzIwMTYxMTAyMDgwNTM0MTMxZ3Zjd3d6aDgiXX1dLCJWZXJzaW9uIjoiMSJ9
OK
>>>>>数据表创建成功.........
>>>>>开始恢复配置...........
CREATE TABLE IF NOT EXISTS session_stat_9999(
CREATE TABLE IF NOT EXISTS user_event_new_9999(
>>>>>>恢>复初始化配置完成
##公司id:1099##站点id:1111##配置数据流---------------------------------------------------
table_info=29,marketingcloud_all_new,2,3|44,marketingcloud_all_new,2,3|45,marketingcloud_all_new,20,1047|46,marketingcloud_all_new,2,1048|47,marketingcloud_all_new,2,1049|49,marketingcloud_all_new,2,1050|50,marketingcloud_all_new,2,1051|51,marketingcloud_all_new,2,1052|52,marketingcloud_all_new,1,1053|53,marketingcloud_all_new,1,1054|54,marketingcloud_all_new,1,1055|55,marketingcloud_all_new,2,1058|1061,marketingcloud_all_new,2,1060|1062,marketingcloud_all_new,20,1061|1065,marketingcloud_all_new,2,1062|1066,marketingcloud_all_new,2,1063|1067,marketingcloud_all_new,2,1064|1068,marketingcloud_all_new,2,1066|1070,marketingcloud_all_new,2,1067|1072,marketingcloud_all_new,2,1068|1073,marketingcloud_all_new,2,1069|1075,marketingcloud_all_new,2,1070|1078,marketingcloud_all_new,2,1071|1079,marketingcloud_all_new,2,1072|32,marketingcloud_all_new,1,1033|33,marketingcloud_all_new,6,1034|35,marketingcloud_all_new,15,1036|37,marketingcloud_all_new,7,1039|38,marketingcloud_all_new,8,1040|39,marketingcloud_all_new,9,1042|40,marketingcloud_all_new,10,1043|41,marketingcloud_all_new,11,1044|42,marketingcloud_all_new,12,1045|1082,marketingcloud_all_new,20,1073|1083,marketingcloud_all_new,2,1074|1084,marketingcloud_all_new,2,1075|1085,marketingcloud_all_new,2,1076|1086,marketingcloud_all_new,2,1077|1087,marketingcloud_all_new,2,1078|1088,marketingcloud_all_new,2,1079|1089,marketingcloud_all_new,2,1080|1090,marketingcloud_all_new,2,1073|1091,marketingcloud_all_new,2,1081|1092,marketingcloud_all_new,2,1082|1093,marketingcloud_all_new,20,1061|1094,marketingcloud_all_new,2,1083|1095,marketingcloud_all_new,2,1084|1096,marketingcloud_all_new,2,1085|1097,marketingcloud_all_new,2,1086|1098,marketingcloud_all_new,2,1087|1099,marketingcloud_all_new,2,1088|1100,marketingcloud_all_new,2,1089|1101,marketingcloud_all_new,2,1090|1102,marketingcloud_all_new,2,1091|1103,marketingcloud_all_new,2,1092|1104,marketingcloud_all_new,2,1093|1105,marketingcloud_all_new,2,1094|1106,marketingcloud_all_new,2,1095|1107,marketingcloud_all_new,2,1096|1108,marketingcloud_all_new,2,1097|1109,marketingcloud_all_new,2,1098|1111,marketingcloud_all_new,2,1099
>>>>>>修改配置完成，重启进程
>>>>>>旧进程
ops      13705  0.5  1.5 8705292 258424 ?      Sl   10:05   2:00 /opt/jdk1.7.0_60/bin/java -jar ./bin/WriteODPSYunAllinone.jar ./conf/WriteYun.properties ./conf/SiteDb.properties
ops      28075  0.0  0.0  11744   924 pts/9    S+   16:05   0:00 grep WriteODPSYunAllinone
data_set.sh: line 35: kill: (28079) - No such process
>>>>>>新进程
ops      28086 79.6  0.9 8702184 160476 ?      Sl   16:05   0:02 /opt/jdk1.7.0_60/bin/java -jar ./bin/WriteODPSYunAllinone.jar ./conf/WriteYun.properties ./conf/SiteDb.properties
ops      28172  0.0  0.0  11744   924 pts/9    S+   16:05   0:00 grep WriteODPSYunAllinone
>>>>>>数据流配置完成.........
##公司id:1099##添加数据同步调度---------------------------------------------------
processUser=3,1047,1048,1049,1050,1051,1052,1053,1054,1055,1058,1060,1061,1062,1063,1064,1066,1067,1068,1069,1070,1071,1072,1033,1034,1036,1039,1040,1042,1043,1044,1045,1073,1074,1075,1076,1077,1078,1079,1080,1081,1082,1083,1084,1085,1086,1087,1088,1089,1090,1091,1092,1093,1094,1095,1096,1097,1098,1099
processUser=3,1047,1048,1049,1050,1051,1052,1053,1054,1055,1058,1060,1061,1062,1063,1064,1066,1067,1068,1069,1070,1071,1072,1033,1034,1036,1039,1040,1042,1043,1044,1045,1073,1074,1075,1076,1077,1078,1079,1080,1081,1082,1083,1084,1085,1086,1087,1088,1089,1090,1091,1092,1093,1094,1095,1096,1097,1098,1099
>>>>>>数据同步调度完成......
##公司id:1101##修改用户odps数据表:-----------------------------------------------
CREATE TABLE IF NOT EXISTS session_stat_1101(
	sessionid string,
	session_type	bigint,
	session_time	bigint,
    req_info    string)
PARTITIONED BY (dt string);
CREATE TABLE IF NOT EXISTS user_event_new_1101(
	idvisit	bigint,
	sessionid	string,
	visitor_cookie	string,
	user_id	string,
	campany_id	bigint,
	idsite	bigint,
	fc	string,
	media	string,
	visitor_returning bigint,
	device_type	bigint,
	location_ip	string,
	location_longitude	double,
	location_latitude	double,
	location_city	string,
	location_country	string,
	config_device_type	string,
	config_os	string,
	config_os_version	string,
	config_device_brand	string,
	config_browser_name	string,
	config_browser_version	string,
	ua	string,
	current_url	string,
	referer_url	string,
	e_c	string,
	e_a	string,
	e_n	string,
	e_v	string,
	page_title	string,
	server_time	bigint,
	visit_first_action_time	bigint,
	visit_last_action_time	bigint,
	idgoal	bigint,
	revenue	bigint,
	is_returning	boolean,
	is_active_landing	boolean,
	is_landing	boolean,
	is_filter	boolean,
	plan_id	bigint,
	active_id	bigint,
	page_id	bigint,
	channel_id	bigint,
	channel_type	string,
	page_type	bigint,
	abtest_id	bigint,
	module_id       bigint,
	module_index	string,
	column_index	bigint,
	good_index	bigint,
	good_id	string,
	is_abtest	bigint,
	hour	string)
	PARTITIONED BY (dt string);
>>>>>配置修改完成，开始创建表....

ID = 20161103033416194g39gl2i8
Log view:
http://logview.odps.aliyun.com/logview/?h=http://service.odps.aliyun.com/api&p=marketingcloud_all_new&i=20161103033416194g39gl2i8&token=dWFnT0R4V0lYM25hVUpWaklpZ0xTZ3lwRXJrPSxPRFBTX09CTzoxNTYwNjY1MjY1MTUzNDQ0LDE0Nzg3NDg4NTYseyJTdGF0ZW1lbnQiOlt7IkFjdGlvbiI6WyJvZHBzOlJlYWQiXSwiRWZmZWN0IjoiQWxsb3ciLCJSZXNvdXJjZSI6WyJhY3M6b2RwczoqOnByb2plY3RzL21hcmtldGluZ2Nsb3VkX2FsbF9uZXcvaW5zdGFuY2VzLzIwMTYxMTAzMDMzNDE2MTk0ZzM5Z2wyaTgiXX1dLCJWZXJzaW9uIjoiMSJ9
OK

ID = 20161103033421316g7lalfu
Log view:
http://logview.odps.aliyun.com/logview/?h=http://service.odps.aliyun.com/api&p=marketingcloud_all_new&i=20161103033421316g7lalfu&token=K1NjbFo2Z0hXWWpDdWg5U3lOMzZvVWl3YzRZPSxPRFBTX09CTzoxNTYwNjY1MjY1MTUzNDQ0LDE0Nzg3NDg4NjIseyJTdGF0ZW1lbnQiOlt7IkFjdGlvbiI6WyJvZHBzOlJlYWQiXSwiRWZmZWN0IjoiQWxsb3ciLCJSZXNvdXJjZSI6WyJhY3M6b2RwczoqOnByb2plY3RzL21hcmtldGluZ2Nsb3VkX2FsbF9uZXcvaW5zdGFuY2VzLzIwMTYxMTAzMDMzNDIxMzE2ZzdsYWxmdSJdfV0sIlZlcnNpb24iOiIxIn0=
OK
>>>>>数据表创建成功.........
>>>>>开始恢复配置...........
CREATE TABLE IF NOT EXISTS session_stat_9999(
CREATE TABLE IF NOT EXISTS user_event_new_9999(
>>>>>>恢>复初始化配置完成
##公司id:1101##站点id:1112##配置数据流---------------------------------------------------
table_info=29,marketingcloud_all_new,2,3|44,marketingcloud_all_new,2,3|45,marketingcloud_all_new,20,1047|46,marketingcloud_all_new,2,1048|47,marketingcloud_all_new,2,1049|49,marketingcloud_all_new,2,1050|50,marketingcloud_all_new,2,1051|51,marketingcloud_all_new,2,1052|52,marketingcloud_all_new,1,1053|53,marketingcloud_all_new,1,1054|54,marketingcloud_all_new,1,1055|55,marketingcloud_all_new,2,1058|1061,marketingcloud_all_new,10,1060|1062,marketingcloud_all_new,20,1061|1065,marketingcloud_all_new,2,1062|1066,marketingcloud_all_new,2,1063|1067,marketingcloud_all_new,2,1064|1068,marketingcloud_all_new,2,1066|1070,marketingcloud_all_new,2,1067|1072,marketingcloud_all_new,2,1068|1073,marketingcloud_all_new,2,1069|1075,marketingcloud_all_new,2,1070|1078,marketingcloud_all_new,2,1071|1079,marketingcloud_all_new,2,1072|32,marketingcloud_all_new,1,1033|33,marketingcloud_all_new,6,1034|35,marketingcloud_all_new,15,1036|37,marketingcloud_all_new,7,1039|38,marketingcloud_all_new,8,1040|39,marketingcloud_all_new,9,1042|40,marketingcloud_all_new,10,1043|41,marketingcloud_all_new,11,1044|42,marketingcloud_all_new,12,1045|1082,marketingcloud_all_new,20,1073|1083,marketingcloud_all_new,2,1074|1084,marketingcloud_all_new,2,1075|1085,marketingcloud_all_new,2,1076|1086,marketingcloud_all_new,2,1077|1087,marketingcloud_all_new,2,1078|1088,marketingcloud_all_new,2,1079|1089,marketingcloud_all_new,2,1080|1090,marketingcloud_all_new,2,1073|1091,marketingcloud_all_new,2,1081|1092,marketingcloud_all_new,2,1082|1093,marketingcloud_all_new,20,1061|1094,marketingcloud_all_new,2,1083|1095,marketingcloud_all_new,2,1084|1096,marketingcloud_all_new,2,1085|1097,marketingcloud_all_new,2,1086|1098,marketingcloud_all_new,2,1087|1099,marketingcloud_all_new,2,1088|1100,marketingcloud_all_new,2,1089|1101,marketingcloud_all_new,2,1090|1102,marketingcloud_all_new,2,1091|1103,marketingcloud_all_new,2,1092|1104,marketingcloud_all_new,2,1093|1105,marketingcloud_all_new,2,1094|1106,marketingcloud_all_new,2,1095|1107,marketingcloud_all_new,2,1096|1108,marketingcloud_all_new,2,1097|1109,marketingcloud_all_new,2,1098|1111,marketingcloud_all_new,2,1099|1112,marketingcloud_all_new,2,1101
>>>>>>修改配置完成，重启进程
>>>>>>旧进程
ops      28086  0.3  1.8 8706320 301864 ?      Sl   Nov02   4:31 /opt/jdk1.7.0_60/bin/java -jar ./bin/WriteODPSYunAllinone.jar ./conf/WriteYun.properties ./conf/SiteDb.properties
ops      28694  0.0  0.0  11744   920 pts/1    S+   11:34   0:00 grep WriteODPSYunAllinone
data_set.sh: line 35: kill: (28698) - No such process
>>>>>>新进程
ops      28707  111  0.9 8703212 156396 ?      Sl   11:34   0:02 /opt/jdk1.7.0_60/bin/java -jar ./bin/WriteODPSYunAllinone.jar ./conf/WriteYun.properties ./conf/SiteDb.properties
ops      28793  0.0  0.0  11744   924 pts/1    S+   11:34   0:00 grep WriteODPSYunAllinone
>>>>>>数据流配置完成.........
##公司id:1101##添加数据同步调度---------------------------------------------------
processUser=3,1047,1048,1049,1050,1051,1052,1053,1054,1055,1058,1060,1061,1062,1063,1064,1066,1067,1068,1069,1070,1071,1072,1033,1034,1036,1039,1040,1042,1043,1044,1045,1073,1074,1075,1076,1077,1078,1079,1080,1081,1082,1083,1084,1085,1086,1087,1088,1089,1090,1091,1092,1093,1094,1095,1096,1097,1098,1099,1101
processUser=3,1047,1048,1049,1050,1051,1052,1053,1054,1055,1058,1060,1061,1062,1063,1064,1066,1067,1068,1069,1070,1071,1072,1033,1034,1036,1039,1040,1042,1043,1044,1045,1073,1074,1075,1076,1077,1078,1079,1080,1081,1082,1083,1084,1085,1086,1087,1088,1089,1090,1091,1092,1093,1094,1095,1096,1097,1098,1099,1101
>>>>>>数据同步调度完成......
##公司id:1102##修改用户odps数据表:-----------------------------------------------
CREATE TABLE IF NOT EXISTS session_stat_1102(
	sessionid string,
	session_type	bigint,
	session_time	bigint,
    req_info    string)
PARTITIONED BY (dt string);
CREATE TABLE IF NOT EXISTS user_event_new_1102(
	idvisit	bigint,
	sessionid	string,
	visitor_cookie	string,
	user_id	string,
	campany_id	bigint,
	idsite	bigint,
	fc	string,
	media	string,
	visitor_returning bigint,
	device_type	bigint,
	location_ip	string,
	location_longitude	double,
	location_latitude	double,
	location_city	string,
	location_country	string,
	config_device_type	string,
	config_os	string,
	config_os_version	string,
	config_device_brand	string,
	config_browser_name	string,
	config_browser_version	string,
	ua	string,
	current_url	string,
	referer_url	string,
	e_c	string,
	e_a	string,
	e_n	string,
	e_v	string,
	page_title	string,
	server_time	bigint,
	visit_first_action_time	bigint,
	visit_last_action_time	bigint,
	idgoal	bigint,
	revenue	bigint,
	is_returning	boolean,
	is_active_landing	boolean,
	is_landing	boolean,
	is_filter	boolean,
	plan_id	bigint,
	active_id	bigint,
	page_id	bigint,
	channel_id	bigint,
	channel_type	string,
	page_type	bigint,
	abtest_id	bigint,
	module_id       bigint,
	module_index	string,
	column_index	bigint,
	good_index	bigint,
	good_id	string,
	is_abtest	bigint,
	hour	string)
	PARTITIONED BY (dt string);
>>>>>配置修改完成，开始创建表....

ID = 20161103053410113glcut8jc2
Log view:
http://logview.odps.aliyun.com/logview/?h=http://service.odps.aliyun.com/api&p=marketingcloud_all_new&i=20161103053410113glcut8jc2&token=QlBjb2hxekxoU3FpMnhrN0RlUDJ4TUFaNEg4PSxPRFBTX09CTzoxNTYwNjY1MjY1MTUzNDQ0LDE0Nzg3NTYwNTEseyJTdGF0ZW1lbnQiOlt7IkFjdGlvbiI6WyJvZHBzOlJlYWQiXSwiRWZmZWN0IjoiQWxsb3ciLCJSZXNvdXJjZSI6WyJhY3M6b2RwczoqOnByb2plY3RzL21hcmtldGluZ2Nsb3VkX2FsbF9uZXcvaW5zdGFuY2VzLzIwMTYxMTAzMDUzNDEwMTEzZ2xjdXQ4amMyIl19XSwiVmVyc2lvbiI6IjEifQ==
OK

ID = 20161103053415644gwqj17jc2
Log view:
http://logview.odps.aliyun.com/logview/?h=http://service.odps.aliyun.com/api&p=marketingcloud_all_new&i=20161103053415644gwqj17jc2&token=bTUzYW43Y3p5cVJnYzA1MzRoVkc5WnBkTUtvPSxPRFBTX09CTzoxNTYwNjY1MjY1MTUzNDQ0LDE0Nzg3NTYwNTcseyJTdGF0ZW1lbnQiOlt7IkFjdGlvbiI6WyJvZHBzOlJlYWQiXSwiRWZmZWN0IjoiQWxsb3ciLCJSZXNvdXJjZSI6WyJhY3M6b2RwczoqOnByb2plY3RzL21hcmtldGluZ2Nsb3VkX2FsbF9uZXcvaW5zdGFuY2VzLzIwMTYxMTAzMDUzNDE1NjQ0Z3dxajE3amMyIl19XSwiVmVyc2lvbiI6IjEifQ==
OK
>>>>>数据表创建成功.........
>>>>>开始恢复配置...........
CREATE TABLE IF NOT EXISTS session_stat_9999(
CREATE TABLE IF NOT EXISTS user_event_new_9999(
>>>>>>恢>复初始化配置完成
##公司id:1102##站点id:1113##配置数据流---------------------------------------------------
table_info=29,marketingcloud_all_new,2,3|44,marketingcloud_all_new,2,3|45,marketingcloud_all_new,20,1047|46,marketingcloud_all_new,2,1048|47,marketingcloud_all_new,2,1049|49,marketingcloud_all_new,2,1050|50,marketingcloud_all_new,2,1051|51,marketingcloud_all_new,2,1052|52,marketingcloud_all_new,1,1053|53,marketingcloud_all_new,1,1054|54,marketingcloud_all_new,1,1055|55,marketingcloud_all_new,2,1058|1061,marketingcloud_all_new,10,1060|1062,marketingcloud_all_new,20,1061|1065,marketingcloud_all_new,2,1062|1066,marketingcloud_all_new,2,1063|1067,marketingcloud_all_new,2,1064|1068,marketingcloud_all_new,2,1066|1070,marketingcloud_all_new,2,1067|1072,marketingcloud_all_new,2,1068|1073,marketingcloud_all_new,2,1069|1075,marketingcloud_all_new,2,1070|1078,marketingcloud_all_new,2,1071|1079,marketingcloud_all_new,2,1072|32,marketingcloud_all_new,1,1033|33,marketingcloud_all_new,6,1034|35,marketingcloud_all_new,15,1036|37,marketingcloud_all_new,7,1039|38,marketingcloud_all_new,8,1040|39,marketingcloud_all_new,9,1042|40,marketingcloud_all_new,10,1043|41,marketingcloud_all_new,11,1044|42,marketingcloud_all_new,12,1045|1082,marketingcloud_all_new,20,1073|1083,marketingcloud_all_new,2,1074|1084,marketingcloud_all_new,2,1075|1085,marketingcloud_all_new,2,1076|1086,marketingcloud_all_new,2,1077|1087,marketingcloud_all_new,2,1078|1088,marketingcloud_all_new,2,1079|1089,marketingcloud_all_new,2,1080|1090,marketingcloud_all_new,2,1073|1091,marketingcloud_all_new,2,1081|1092,marketingcloud_all_new,2,1082|1093,marketingcloud_all_new,20,1061|1094,marketingcloud_all_new,2,1083|1095,marketingcloud_all_new,2,1084|1096,marketingcloud_all_new,2,1085|1097,marketingcloud_all_new,2,1086|1098,marketingcloud_all_new,2,1087|1099,marketingcloud_all_new,2,1088|1100,marketingcloud_all_new,2,1089|1101,marketingcloud_all_new,2,1090|1102,marketingcloud_all_new,2,1091|1103,marketingcloud_all_new,2,1092|1104,marketingcloud_all_new,2,1093|1105,marketingcloud_all_new,2,1094|1106,marketingcloud_all_new,2,1095|1107,marketingcloud_all_new,2,1096|1108,marketingcloud_all_new,2,1097|1109,marketingcloud_all_new,2,1098|1111,marketingcloud_all_new,2,1099|1112,marketingcloud_all_new,2,1101|1113,marketingcloud_all_new,2,1102
>>>>>>修改配置完成，重启进程
>>>>>>旧进程
ops      28707  0.7  1.4 8707348 238160 ?      Sl   11:34   0:55 /opt/jdk1.7.0_60/bin/java -jar ./bin/WriteODPSYunAllinone.jar ./conf/WriteYun.properties ./conf/SiteDb.properties
ops      31957  0.0  0.0  11744   924 pts/8    S+   13:34   0:00 grep WriteODPSYunAllinone
data_set.sh: line 35: kill: (31961) - No such process
>>>>>>新进程
ops      31969  117  0.9 8704240 156024 ?      Sl   13:34   0:02 /opt/jdk1.7.0_60/bin/java -jar ./bin/WriteODPSYunAllinone.jar ./conf/WriteYun.properties ./conf/SiteDb.properties
ops      32056  0.0  0.0  11744   920 pts/8    S+   13:34   0:00 grep WriteODPSYunAllinone
>>>>>>数据流配置完成.........
##公司id:1102##添加数据同步调度---------------------------------------------------
processUser=3,1047,1048,1049,1050,1051,1052,1053,1054,1055,1058,1060,1061,1062,1063,1064,1066,1067,1068,1069,1070,1071,1072,1033,1034,1036,1039,1040,1042,1043,1044,1045,1073,1074,1075,1076,1077,1078,1079,1080,1081,1082,1083,1084,1085,1086,1087,1088,1089,1090,1091,1092,1093,1094,1095,1096,1097,1098,1099,1101,1102
processUser=3,1047,1048,1049,1050,1051,1052,1053,1054,1055,1058,1060,1061,1062,1063,1064,1066,1067,1068,1069,1070,1071,1072,1033,1034,1036,1039,1040,1042,1043,1044,1045,1073,1074,1075,1076,1077,1078,1079,1080,1081,1082,1083,1084,1085,1086,1087,1088,1089,1090,1091,1092,1093,1094,1095,1096,1097,1098,1099,1101,1102
>>>>>>数据同步调度完成......
##公司id:1103##修改用户odps数据表:-----------------------------------------------
CREATE TABLE IF NOT EXISTS session_stat_1103(
	sessionid string,
	session_type	bigint,
	session_time	bigint,
    req_info    string)
PARTITIONED BY (dt string);
CREATE TABLE IF NOT EXISTS user_event_new_1103(
	idvisit	bigint,
	sessionid	string,
	visitor_cookie	string,
	user_id	string,
	campany_id	bigint,
	idsite	bigint,
	fc	string,
	media	string,
	visitor_returning bigint,
	device_type	bigint,
	location_ip	string,
	location_longitude	double,
	location_latitude	double,
	location_city	string,
	location_country	string,
	config_device_type	string,
	config_os	string,
	config_os_version	string,
	config_device_brand	string,
	config_browser_name	string,
	config_browser_version	string,
	ua	string,
	current_url	string,
	referer_url	string,
	e_c	string,
	e_a	string,
	e_n	string,
	e_v	string,
	page_title	string,
	server_time	bigint,
	visit_first_action_time	bigint,
	visit_last_action_time	bigint,
	idgoal	bigint,
	revenue	bigint,
	is_returning	boolean,
	is_active_landing	boolean,
	is_landing	boolean,
	is_filter	boolean,
	plan_id	bigint,
	active_id	bigint,
	page_id	bigint,
	channel_id	bigint,
	channel_type	string,
	page_type	bigint,
	abtest_id	bigint,
	module_id       bigint,
	module_index	string,
	column_index	bigint,
	good_index	bigint,
	good_id	string,
	is_abtest	bigint,
	hour	string)
	PARTITIONED BY (dt string);
>>>>>配置修改完成，开始创建表....

ID = 20161103070442985g35en8jc2
Log view:
http://logview.odps.aliyun.com/logview/?h=http://service.odps.aliyun.com/api&p=marketingcloud_all_new&i=20161103070442985g35en8jc2&token=RUFxanVCeEw3TS9yNnlQcmU0WHEwaHQ0ZFBZPSxPRFBTX09CTzoxNTYwNjY1MjY1MTUzNDQ0LDE0Nzg3NjE0ODQseyJTdGF0ZW1lbnQiOlt7IkFjdGlvbiI6WyJvZHBzOlJlYWQiXSwiRWZmZWN0IjoiQWxsb3ciLCJSZXNvdXJjZSI6WyJhY3M6b2RwczoqOnByb2plY3RzL21hcmtldGluZ2Nsb3VkX2FsbF9uZXcvaW5zdGFuY2VzLzIwMTYxMTAzMDcwNDQyOTg1ZzM1ZW44amMyIl19XSwiVmVyc2lvbiI6IjEifQ==
OK

ID = 20161103070448682gqqj7bjc2
Log view:
http://logview.odps.aliyun.com/logview/?h=http://service.odps.aliyun.com/api&p=marketingcloud_all_new&i=20161103070448682gqqj7bjc2&token=R3JOc2ZuQWhOdWVZdGVXWDJmejhwYUMyclVFPSxPRFBTX09CTzoxNTYwNjY1MjY1MTUzNDQ0LDE0Nzg3NjE0OTAseyJTdGF0ZW1lbnQiOlt7IkFjdGlvbiI6WyJvZHBzOlJlYWQiXSwiRWZmZWN0IjoiQWxsb3ciLCJSZXNvdXJjZSI6WyJhY3M6b2RwczoqOnByb2plY3RzL21hcmtldGluZ2Nsb3VkX2FsbF9uZXcvaW5zdGFuY2VzLzIwMTYxMTAzMDcwNDQ4NjgyZ3FxajdiamMyIl19XSwiVmVyc2lvbiI6IjEifQ==
OK
>>>>>数据表创建成功.........
>>>>>开始恢复配置...........
CREATE TABLE IF NOT EXISTS session_stat_9999(
CREATE TABLE IF NOT EXISTS user_event_new_9999(
>>>>>>恢>复初始化配置完成
##公司id:1103##站点id:1114##配置数据流---------------------------------------------------
table_info=29,marketingcloud_all_new,2,3|44,marketingcloud_all_new,2,3|45,marketingcloud_all_new,20,1047|46,marketingcloud_all_new,2,1048|47,marketingcloud_all_new,2,1049|49,marketingcloud_all_new,2,1050|50,marketingcloud_all_new,2,1051|51,marketingcloud_all_new,2,1052|52,marketingcloud_all_new,1,1053|53,marketingcloud_all_new,1,1054|54,marketingcloud_all_new,1,1055|55,marketingcloud_all_new,2,1058|1061,marketingcloud_all_new,10,1060|1062,marketingcloud_all_new,20,1061|1065,marketingcloud_all_new,2,1062|1066,marketingcloud_all_new,2,1063|1067,marketingcloud_all_new,2,1064|1068,marketingcloud_all_new,2,1066|1070,marketingcloud_all_new,2,1067|1072,marketingcloud_all_new,2,1068|1073,marketingcloud_all_new,2,1069|1075,marketingcloud_all_new,2,1070|1078,marketingcloud_all_new,2,1071|1079,marketingcloud_all_new,2,1072|32,marketingcloud_all_new,1,1033|33,marketingcloud_all_new,6,1034|35,marketingcloud_all_new,15,1036|37,marketingcloud_all_new,7,1039|38,marketingcloud_all_new,8,1040|39,marketingcloud_all_new,9,1042|40,marketingcloud_all_new,10,1043|41,marketingcloud_all_new,11,1044|42,marketingcloud_all_new,12,1045|1082,marketingcloud_all_new,20,1073|1083,marketingcloud_all_new,2,1074|1084,marketingcloud_all_new,2,1075|1085,marketingcloud_all_new,2,1076|1086,marketingcloud_all_new,2,1077|1087,marketingcloud_all_new,2,1078|1088,marketingcloud_all_new,2,1079|1089,marketingcloud_all_new,2,1080|1090,marketingcloud_all_new,2,1073|1091,marketingcloud_all_new,2,1081|1092,marketingcloud_all_new,2,1082|1093,marketingcloud_all_new,20,1061|1094,marketingcloud_all_new,2,1083|1095,marketingcloud_all_new,2,1084|1096,marketingcloud_all_new,2,1085|1097,marketingcloud_all_new,2,1086|1098,marketingcloud_all_new,2,1087|1099,marketingcloud_all_new,2,1088|1100,marketingcloud_all_new,2,1089|1101,marketingcloud_all_new,2,1090|1102,marketingcloud_all_new,2,1091|1103,marketingcloud_all_new,2,1092|1104,marketingcloud_all_new,2,1093|1105,marketingcloud_all_new,2,1094|1106,marketingcloud_all_new,2,1095|1107,marketingcloud_all_new,2,1096|1108,marketingcloud_all_new,2,1097|1109,marketingcloud_all_new,2,1098|1111,marketingcloud_all_new,2,1099|1112,marketingcloud_all_new,2,1101|1113,marketingcloud_all_new,2,1102|1114,marketingcloud_all_new,2,1103
>>>>>>修改配置完成，重启进程
>>>>>>旧进程
ops      27469  0.0  0.0  11744   924 pts/3    S+   15:04   0:00 grep WriteODPSYunAllinone
ops      31969  0.8  1.3 8708376 227544 ?      Sl   13:34   0:43 /opt/jdk1.7.0_60/bin/java -jar ./bin/WriteODPSYunAllinone.jar ./conf/WriteYun.properties ./conf/SiteDb.properties
data_set.sh: line 35: kill: (27473) - No such process
>>>>>>新进程
ops      27480 68.0  0.9 8705268 159828 ?      Sl   15:04   0:02 /opt/jdk1.7.0_60/bin/java -jar ./bin/WriteODPSYunAllinone.jar ./conf/WriteYun.properties ./conf/SiteDb.properties
ops      27572  0.0  0.0  11744   924 pts/3    S+   15:04   0:00 grep WriteODPSYunAllinone
>>>>>>数据流配置完成.........
##公司id:1103##添加数据同步调度---------------------------------------------------
processUser=3,1047,1048,1049,1050,1051,1052,1053,1054,1055,1058,1060,1061,1062,1063,1064,1066,1067,1068,1069,1070,1071,1072,1033,1034,1036,1039,1040,1042,1043,1044,1045,1073,1074,1075,1076,1077,1078,1079,1080,1081,1082,1083,1084,1085,1086,1087,1088,1089,1090,1091,1092,1093,1094,1095,1096,1097,1098,1099,1101,1102,1103
processUser=3,1047,1048,1049,1050,1051,1052,1053,1054,1055,1058,1060,1061,1062,1063,1064,1066,1067,1068,1069,1070,1071,1072,1033,1034,1036,1039,1040,1042,1043,1044,1045,1073,1074,1075,1076,1077,1078,1079,1080,1081,1082,1083,1084,1085,1086,1087,1088,1089,1090,1091,1092,1093,1094,1095,1096,1097,1098,1099,1101,1102,1103
>>>>>>数据同步调度完成......
##公司id:1104##修改用户odps数据表:-----------------------------------------------
CREATE TABLE IF NOT EXISTS session_stat_1104(
	sessionid string,
	session_type	bigint,
	session_time	bigint,
    req_info    string)
PARTITIONED BY (dt string);
CREATE TABLE IF NOT EXISTS user_event_new_1104(
	idvisit	bigint,
	sessionid	string,
	visitor_cookie	string,
	user_id	string,
	campany_id	bigint,
	idsite	bigint,
	fc	string,
	media	string,
	visitor_returning bigint,
	device_type	bigint,
	location_ip	string,
	location_longitude	double,
	location_latitude	double,
	location_city	string,
	location_country	string,
	config_device_type	string,
	config_os	string,
	config_os_version	string,
	config_device_brand	string,
	config_browser_name	string,
	config_browser_version	string,
	ua	string,
	current_url	string,
	referer_url	string,
	e_c	string,
	e_a	string,
	e_n	string,
	e_v	string,
	page_title	string,
	server_time	bigint,
	visit_first_action_time	bigint,
	visit_last_action_time	bigint,
	idgoal	bigint,
	revenue	bigint,
	is_returning	boolean,
	is_active_landing	boolean,
	is_landing	boolean,
	is_filter	boolean,
	plan_id	bigint,
	active_id	bigint,
	page_id	bigint,
	channel_id	bigint,
	channel_type	string,
	page_type	bigint,
	abtest_id	bigint,
	module_id       bigint,
	module_index	string,
	column_index	bigint,
	good_index	bigint,
	good_id	string,
	is_abtest	bigint,
	hour	string)
	PARTITIONED BY (dt string);
>>>>>配置修改完成，开始创建表....

ID = 20161104015436568glxuwzh8
Log view:
http://logview.odps.aliyun.com/logview/?h=http://service.odps.aliyun.com/api&p=marketingcloud_all_new&i=20161104015436568glxuwzh8&token=WGlzdHpMTXAyWFhaSE50YUFoWDhjSzQyaHlrPSxPRFBTX09CTzoxNTYwNjY1MjY1MTUzNDQ0LDE0Nzg4MjkyNzgseyJTdGF0ZW1lbnQiOlt7IkFjdGlvbiI6WyJvZHBzOlJlYWQiXSwiRWZmZWN0IjoiQWxsb3ciLCJSZXNvdXJjZSI6WyJhY3M6b2RwczoqOnByb2plY3RzL21hcmtldGluZ2Nsb3VkX2FsbF9uZXcvaW5zdGFuY2VzLzIwMTYxMTA0MDE1NDM2NTY4Z2x4dXd6aDgiXX1dLCJWZXJzaW9uIjoiMSJ9
OK

ID = 20161104015442955guimp2i8
Log view:
http://logview.odps.aliyun.com/logview/?h=http://service.odps.aliyun.com/api&p=marketingcloud_all_new&i=20161104015442955guimp2i8&token=RWhOaGFpSEt3dy9jSVRPRW5LNmVjdUUzTHhFPSxPRFBTX09CTzoxNTYwNjY1MjY1MTUzNDQ0LDE0Nzg4MjkyODMseyJTdGF0ZW1lbnQiOlt7IkFjdGlvbiI6WyJvZHBzOlJlYWQiXSwiRWZmZWN0IjoiQWxsb3ciLCJSZXNvdXJjZSI6WyJhY3M6b2RwczoqOnByb2plY3RzL21hcmtldGluZ2Nsb3VkX2FsbF9uZXcvaW5zdGFuY2VzLzIwMTYxMTA0MDE1NDQyOTU1Z3VpbXAyaTgiXX1dLCJWZXJzaW9uIjoiMSJ9
OK
>>>>>数据表创建成功.........
>>>>>开始恢复配置...........
CREATE TABLE IF NOT EXISTS session_stat_9999(
CREATE TABLE IF NOT EXISTS user_event_new_9999(
>>>>>>恢>复初始化配置完成
##公司id:1104##站点id:1115##配置数据流---------------------------------------------------
table_info=29,marketingcloud_all_new,2,3|44,marketingcloud_all_new,2,3|45,marketingcloud_all_new,20,1047|46,marketingcloud_all_new,2,1048|47,marketingcloud_all_new,2,1049|49,marketingcloud_all_new,2,1050|50,marketingcloud_all_new,2,1051|51,marketingcloud_all_new,2,1052|52,marketingcloud_all_new,1,1053|53,marketingcloud_all_new,1,1054|54,marketingcloud_all_new,1,1055|55,marketingcloud_all_new,2,1058|1061,marketingcloud_all_new,10,1060|1062,marketingcloud_all_new,20,1061|1065,marketingcloud_all_new,2,1062|1066,marketingcloud_all_new,2,1063|1067,marketingcloud_all_new,2,1064|1068,marketingcloud_all_new,2,1066|1070,marketingcloud_all_new,2,1067|1072,marketingcloud_all_new,2,1068|1073,marketingcloud_all_new,2,1069|1075,marketingcloud_all_new,2,1070|1078,marketingcloud_all_new,2,1071|1079,marketingcloud_all_new,2,1072|32,marketingcloud_all_new,1,1033|33,marketingcloud_all_new,6,1034|35,marketingcloud_all_new,15,1036|37,marketingcloud_all_new,7,1039|38,marketingcloud_all_new,8,1040|39,marketingcloud_all_new,9,1042|40,marketingcloud_all_new,10,1043|41,marketingcloud_all_new,11,1044|42,marketingcloud_all_new,12,1045|1082,marketingcloud_all_new,20,1073|1083,marketingcloud_all_new,2,1074|1084,marketingcloud_all_new,2,1075|1085,marketingcloud_all_new,2,1076|1086,marketingcloud_all_new,2,1077|1087,marketingcloud_all_new,2,1078|1088,marketingcloud_all_new,2,1079|1089,marketingcloud_all_new,2,1080|1090,marketingcloud_all_new,2,1073|1091,marketingcloud_all_new,2,1081|1092,marketingcloud_all_new,2,1082|1093,marketingcloud_all_new,20,1061|1094,marketingcloud_all_new,2,1083|1095,marketingcloud_all_new,2,1084|1096,marketingcloud_all_new,2,1085|1097,marketingcloud_all_new,2,1086|1098,marketingcloud_all_new,2,1087|1099,marketingcloud_all_new,2,1088|1100,marketingcloud_all_new,2,1089|1101,marketingcloud_all_new,2,1090|1102,marketingcloud_all_new,2,1091|1103,marketingcloud_all_new,2,1092|1104,marketingcloud_all_new,2,1093|1105,marketingcloud_all_new,2,1094|1106,marketingcloud_all_new,2,1095|1107,marketingcloud_all_new,2,1096|1108,marketingcloud_all_new,2,1097|1109,marketingcloud_all_new,2,1098|1111,marketingcloud_all_new,2,1099|1112,marketingcloud_all_new,2,1101|1113,marketingcloud_all_new,2,1102|1114,marketingcloud_all_new,2,1103|1115,marketingcloud_all_new,2,1104
>>>>>>修改配置完成，重启进程
>>>>>>旧进程
ops      27316  0.0  0.0  11744   916 pts/1    S+   09:54   0:00 grep WriteODPSYunAllinone
ops      27480  0.4  2.3 8774940 393184 ?      Sl   Nov03   4:49 /opt/jdk1.7.0_60/bin/java -jar ./bin/WriteODPSYunAllinone.jar ./conf/WriteYun.properties ./conf/SiteDb.properties
data_set.sh: line 35: kill: (27320) - No such process
>>>>>>新进程
ops      27328 62.0  0.8 8701744 140268 ?      Sl   09:54   0:01 /opt/jdk1.7.0_60/bin/java -jar ./bin/WriteODPSYunAllinone.jar ./conf/WriteYun.properties ./conf/SiteDb.properties
ops      27417  0.0  0.0  11744   912 pts/1    S+   09:54   0:00 grep WriteODPSYunAllinone
>>>>>>数据流配置完成.........
##公司id:1104##添加数据同步调度---------------------------------------------------
processUser=3,1047,1048,1049,1050,1051,1052,1053,1054,1055,1058,1060,1061,1062,1063,1064,1066,1067,1068,1069,1070,1071,1072,1033,1034,1036,1039,1040,1042,1043,1044,1045,1073,1074,1075,1076,1077,1078,1079,1080,1081,1082,1083,1084,1085,1086,1087,1088,1089,1090,1091,1092,1093,1094,1095,1096,1097,1098,1099,1101,1102,1103,1104
processUser=3,1047,1048,1049,1050,1051,1052,1053,1054,1055,1058,1060,1061,1062,1063,1064,1066,1067,1068,1069,1070,1071,1072,1033,1034,1036,1039,1040,1042,1043,1044,1045,1073,1074,1075,1076,1077,1078,1079,1080,1081,1082,1083,1084,1085,1086,1087,1088,1089,1090,1091,1092,1093,1094,1095,1096,1097,1098,1099,1101,1102,1103,1104
>>>>>>数据同步调度完成......
##公司id:1105##修改用户odps数据表:-----------------------------------------------
CREATE TABLE IF NOT EXISTS session_stat_1105(
	sessionid string,
	session_type	bigint,
	session_time	bigint,
    req_info    string)
PARTITIONED BY (dt string);
CREATE TABLE IF NOT EXISTS user_event_new_1105(
	idvisit	bigint,
	sessionid	string,
	visitor_cookie	string,
	user_id	string,
	campany_id	bigint,
	idsite	bigint,
	fc	string,
	media	string,
	visitor_returning bigint,
	device_type	bigint,
	location_ip	string,
	location_longitude	double,
	location_latitude	double,
	location_city	string,
	location_country	string,
	config_device_type	string,
	config_os	string,
	config_os_version	string,
	config_device_brand	string,
	config_browser_name	string,
	config_browser_version	string,
	ua	string,
	current_url	string,
	referer_url	string,
	e_c	string,
	e_a	string,
	e_n	string,
	e_v	string,
	page_title	string,
	server_time	bigint,
	visit_first_action_time	bigint,
	visit_last_action_time	bigint,
	idgoal	bigint,
	revenue	bigint,
	is_returning	boolean,
	is_active_landing	boolean,
	is_landing	boolean,
	is_filter	boolean,
	plan_id	bigint,
	active_id	bigint,
	page_id	bigint,
	channel_id	bigint,
	channel_type	string,
	page_type	bigint,
	abtest_id	bigint,
	module_id       bigint,
	module_index	string,
	column_index	bigint,
	good_index	bigint,
	good_id	string,
	is_abtest	bigint,
	hour	string)
	PARTITIONED BY (dt string);
>>>>>配置修改完成，开始创建表....

ID = 20161104064916147gz2lobg8
Log view:
http://logview.odps.aliyun.com/logview/?h=http://service.odps.aliyun.com/api&p=marketingcloud_all_new&i=20161104064916147gz2lobg8&token=TU1GbEM2QWlsaVZlMSsveFkrVTlFZUpETU5VPSxPRFBTX09CTzoxNTYwNjY1MjY1MTUzNDQ0LDE0Nzg4NDY5NTcseyJTdGF0ZW1lbnQiOlt7IkFjdGlvbiI6WyJvZHBzOlJlYWQiXSwiRWZmZWN0IjoiQWxsb3ciLCJSZXNvdXJjZSI6WyJhY3M6b2RwczoqOnByb2plY3RzL21hcmtldGluZ2Nsb3VkX2FsbF9uZXcvaW5zdGFuY2VzLzIwMTYxMTA0MDY0OTE2MTQ3Z3oybG9iZzgiXX1dLCJWZXJzaW9uIjoiMSJ9
OK

ID = 20161104064921876gx5ywbg8
Log view:
http://logview.odps.aliyun.com/logview/?h=http://service.odps.aliyun.com/api&p=marketingcloud_all_new&i=20161104064921876gx5ywbg8&token=RXdPbzJYWmJORU93c0E5VXBHN0wrVi9RRFMwPSxPRFBTX09CTzoxNTYwNjY1MjY1MTUzNDQ0LDE0Nzg4NDY5NjIseyJTdGF0ZW1lbnQiOlt7IkFjdGlvbiI6WyJvZHBzOlJlYWQiXSwiRWZmZWN0IjoiQWxsb3ciLCJSZXNvdXJjZSI6WyJhY3M6b2RwczoqOnByb2plY3RzL21hcmtldGluZ2Nsb3VkX2FsbF9uZXcvaW5zdGFuY2VzLzIwMTYxMTA0MDY0OTIxODc2Z3g1eXdiZzgiXX1dLCJWZXJzaW9uIjoiMSJ9
OK
>>>>>数据表创建成功.........
>>>>>开始恢复配置...........
CREATE TABLE IF NOT EXISTS session_stat_9999(
CREATE TABLE IF NOT EXISTS user_event_new_9999(
>>>>>>恢>复初始化配置完成
##公司id:1105##站点id:1117##配置数据流---------------------------------------------------
table_info=29,marketingcloud_all_new,2,3|44,marketingcloud_all_new,2,3|45,marketingcloud_all_new,20,1047|46,marketingcloud_all_new,2,1048|47,marketingcloud_all_new,2,1049|49,marketingcloud_all_new,2,1050|50,marketingcloud_all_new,2,1051|51,marketingcloud_all_new,2,1052|52,marketingcloud_all_new,1,1053|53,marketingcloud_all_new,1,1054|54,marketingcloud_all_new,1,1055|55,marketingcloud_all_new,2,1058|1061,marketingcloud_all_new,10,1060|1062,marketingcloud_all_new,20,1061|1065,marketingcloud_all_new,2,1062|1066,marketingcloud_all_new,2,1063|1067,marketingcloud_all_new,2,1064|1068,marketingcloud_all_new,2,1066|1070,marketingcloud_all_new,2,1067|1072,marketingcloud_all_new,2,1068|1073,marketingcloud_all_new,2,1069|1075,marketingcloud_all_new,2,1070|1078,marketingcloud_all_new,2,1071|1079,marketingcloud_all_new,2,1072|32,marketingcloud_all_new,1,1033|33,marketingcloud_all_new,6,1034|35,marketingcloud_all_new,15,1036|37,marketingcloud_all_new,7,1039|38,marketingcloud_all_new,8,1040|39,marketingcloud_all_new,9,1042|40,marketingcloud_all_new,10,1043|41,marketingcloud_all_new,11,1044|42,marketingcloud_all_new,12,1045|1082,marketingcloud_all_new,20,1073|1083,marketingcloud_all_new,2,1074|1084,marketingcloud_all_new,2,1075|1085,marketingcloud_all_new,2,1076|1086,marketingcloud_all_new,2,1077|1087,marketingcloud_all_new,2,1078|1088,marketingcloud_all_new,2,1079|1089,marketingcloud_all_new,2,1080|1090,marketingcloud_all_new,2,1073|1091,marketingcloud_all_new,2,1081|1092,marketingcloud_all_new,2,1082|1093,marketingcloud_all_new,20,1061|1094,marketingcloud_all_new,2,1083|1095,marketingcloud_all_new,2,1084|1096,marketingcloud_all_new,2,1085|1097,marketingcloud_all_new,2,1086|1098,marketingcloud_all_new,2,1087|1099,marketingcloud_all_new,2,1088|1100,marketingcloud_all_new,2,1089|1101,marketingcloud_all_new,2,1090|1102,marketingcloud_all_new,2,1091|1103,marketingcloud_all_new,2,1092|1104,marketingcloud_all_new,2,1093|1105,marketingcloud_all_new,2,1094|1106,marketingcloud_all_new,2,1095|1107,marketingcloud_all_new,2,1096|1108,marketingcloud_all_new,2,1097|1109,marketingcloud_all_new,2,1098|1111,marketingcloud_all_new,2,1099|1112,marketingcloud_all_new,2,1101|1113,marketingcloud_all_new,2,1102|1114,marketingcloud_all_new,2,1103|1115,marketingcloud_all_new,2,1104|1117,marketingcloud_all_new,2,1105
>>>>>>修改配置完成，重启进程
>>>>>>旧进程
ops      19754  0.0  0.0  11744   916 pts/10   S+   14:49   0:00 grep WriteODPSYunAllinone
ops      27328  0.4  1.4 8710428 241304 ?      Sl   09:54   1:17 /opt/jdk1.7.0_60/bin/java -jar ./bin/WriteODPSYunAllinone.jar ./conf/WriteYun.properties ./conf/SiteDb.properties
data_set.sh: line 35: kill: (19758) - No such process
>>>>>>新进程
ops      19767 40.6  0.8 8702772 140368 ?      Sl   14:49   0:01 /opt/jdk1.7.0_60/bin/java -jar ./bin/WriteODPSYunAllinone.jar ./conf/WriteYun.properties ./conf/SiteDb.properties
ops      19858  0.0  0.0  11744   916 pts/10   S+   14:49   0:00 grep WriteODPSYunAllinone
>>>>>>数据流配置完成.........
##公司id:1105##添加数据同步调度---------------------------------------------------
processUser=3,1047,1048,1049,1050,1051,1052,1053,1054,1055,1058,1060,1061,1062,1063,1064,1066,1067,1068,1069,1070,1071,1072,1033,1034,1036,1039,1040,1042,1043,1044,1045,1073,1074,1075,1076,1077,1078,1079,1080,1081,1082,1083,1084,1085,1086,1087,1088,1089,1090,1091,1092,1093,1094,1095,1096,1097,1098,1099,1101,1102,1103,1104,1105
processUser=3,1047,1048,1049,1050,1051,1052,1053,1054,1055,1058,1060,1061,1062,1063,1064,1066,1067,1068,1069,1070,1071,1072,1033,1034,1036,1039,1040,1042,1043,1044,1045,1073,1074,1075,1076,1077,1078,1079,1080,1081,1082,1083,1084,1085,1086,1087,1088,1089,1090,1091,1092,1093,1094,1095,1096,1097,1098,1099,1101,1102,1103,1104,1105
>>>>>>数据同步调度完成......
